Daily activity on Sat May  3 20:44:24 UTC 2025
Daily activity on Sun May  4 06:27:16 UTC 2025
Daily activity on Mon May  5 06:30:27 UTC 2025
Daily activity on Mon May  5 23:28:02 UTC 2025
Daily activity on Tue May  6 06:29:05 UTC 2025
Daily activity on Wed May  7 06:29:30 UTC 2025
Daily activity on Thu May  8 06:30:02 UTC 2025
Daily activity on Thu May  8 18:06:35 UTC 2025
Daily activity on Fri May  9 06:29:37 UTC 2025
Daily activity on Sat May 10 06:26:11 UTC 2025
Daily activity on Sun May 11 06:27:14 UTC 2025
Daily activity on Mon May 12 06:30:56 UTC 2025
Daily activity on Tue May 13 06:29:49 UTC 2025
Daily activity on Wed May 14 06:29:49 UTC 2025
Daily activity on Thu May 15 06:30:10 UTC 2025
Daily activity on Fri May 16 06:30:02 UTC 2025
Daily activity on Sat May 17 06:27:01 UTC 2025
Daily activity on Sun May 18 06:28:05 UTC 2025
Daily activity on Mon May 19 06:31:08 UTC 2025
Daily activity on Tue May 20 06:30:24 UTC 2025
Daily activity on Wed May 21 06:30:15 UTC 2025
Daily activity on Thu May 22 06:30:04 UTC 2025
Daily activity on Fri May 23 06:29:48 UTC 2025
Daily activity on Sat May 24 06:26:49 UTC 2025
Daily activity on Sun May 25 06:27:19 UTC 2025
